<?xml version="1.0" encoding="UTF-8"?>
<testng-results ignored="0" total="1" passed="1" failed="0" skipped="0">
  <reporter-output>
  </reporter-output>
  <suite started-at="2024-04-09T09:59:34 PDT" name="Default suite" finished-at="2024-04-09T09:59:59 PDT" duration-ms="25102">
    <groups>
    </groups>
    <test started-at="2024-04-09T09:59:34 PDT" name="Default test" finished-at="2024-04-09T09:59:59 PDT" duration-ms="25102">
      <class name="com.testcases.AmazonTest">
        <test-method signature="MobileCloudTest()[pri:0, instance:com.testcases.AmazonTest@78123e82]" started-at="2024-04-09T09:59:34 PDT" name="MobileCloudTest" finished-at="2024-04-09T09:59:59 PDT" duration-ms="25067" status="PASS">
          <reporter-output>
          </reporter-output>
        </test-method> <!-- MobileCloudTest -->
      </class> <!-- com.testcases.AmazonTest -->
    </test> <!-- Default test -->
  </suite> <!-- Default suite -->
</testng-results>
